[35m[TikTokenTokenizer][0m Initialized new TikTokenTokenizer instance.
Collector hot directory and tmp storage wiped!
Document processor app listening on port 8888
-- Working ALLEGED RAPE AND MURDER INCIDENT OF A TRAINEE DOCT VS MATTER (20-08-2024).pdf --
Warning: TT: undefined function: 32
Warning: TT: undefined function: 32
Warning: TT: undefined function: 32
-- Parsing content from pg 1 --
-- Parsing content from pg 2 --
-- Parsing content from pg 3 --
-- Parsing content from pg 4 --
-- Parsing content from pg 5 --
-- Parsing content from pg 6 --
-- Parsing content from pg 7 --
-- Parsing content from pg 8 --
-- Parsing content from pg 9 --
-- Parsing content from pg 10 --
-- Parsing content from pg 11 --
-- Parsing content from pg 12 --
-- Parsing content from pg 13 --
-- Parsing content from pg 14 --
-- Parsing content from pg 15 --
-- Parsing content from pg 16 --
-- Parsing content from pg 17 --
-- Parsing content from pg 18 --
-- Parsing content from pg 19 --
-- Parsing content from pg 20 --
-- Parsing content from pg 21 --
-- Parsing content from pg 22 --
-- Parsing content from pg 23 --
-- Parsing content from pg 24 --
-- Parsing content from pg 25 --
-- Parsing content from pg 26 --
-- Parsing content from pg 27 --
-- Parsing content from pg 28 --
-- Parsing content from pg 29 --
-- Parsing content from pg 30 --
-- Parsing content from pg 31 --
-- Parsing content from pg 32 --
-- Parsing content from pg 33 --
-- Parsing content from pg 34 --
-- Parsing content from pg 35 --
-- Parsing content from pg 36 --
-- Parsing content from pg 37 --
-- Parsing content from pg 38 --
-- Parsing content from pg 39 --
-- Parsing content from pg 40 --
-- Parsing content from pg 41 --
-- Parsing content from pg 42 --
-- Parsing content from pg 43 --
-- Parsing content from pg 44 --
-- Parsing content from pg 45 --
-- Parsing content from pg 46 --
-- Parsing content from pg 47 --
-- Parsing content from pg 48 --
-- Parsing content from pg 49 --
-- Parsing content from pg 50 --
[35m[TikTokenTokenizer][0m Input will take too long to encode - estimating
[SUCCESS]: ALLEGED RAPE AND MURDER INCIDENT OF A TRAINEE DOCT VS MATTER (20-08-2024).pdf converted & ready for embedding.

